\BOOKMARK [0][-]{chapter.1}{\376\377\000I\000n\000t\000r\000o\000d\000u\000c\000t\000i\000o\000n}{}% 1
\BOOKMARK [0][-]{chapter.2}{\376\377\000R\000e\000s\000e\000a\000r\000c\000h}{}% 2
\BOOKMARK [1][-]{section.2.1}{\376\377\000L\000a\000r\000g\000e\000\040\000L\000a\000n\000g\000u\000a\000g\000e\000\040\000M\000o\000d\000e\000l\000s\000\040\000a\000n\000d\000\040\000A\000g\000e\000n\000t\000s\000\040\000L\000e\000a\000r\000n\000i\000n\000g\000s}{chapter.2}% 3
\BOOKMARK [2][-]{subsection.2.1.1}{\376\377\000A\000g\000e\000n\000t\000\040\000A\000r\000c\000h\000i\000t\000e\000c\000t\000u\000r\000e\000s\000\040\000a\000n\000d\000\040\000A\000g\000e\000n\000t\000i\000c\000\040\000O\000r\000c\000h\000e\000s\000t\000r\000a\000t\000i\000o\000n}{section.2.1}% 4
\BOOKMARK [2][-]{subsection.2.1.2}{\376\377\000P\000r\000o\000m\000p\000t\000\040\000a\000n\000d\000\040\000C\000o\000n\000t\000e\000x\000t\000\040\000E\000n\000g\000i\000n\000e\000e\000r\000i\000n\000g}{section.2.1}% 5
\BOOKMARK [2][-]{subsection.2.1.3}{\376\377\000L\000L\000M\000-\000D\000r\000i\000v\000e\000n\000\040\000S\000y\000s\000t\000e\000m\000s\000\040\000E\000v\000a\000l\000u\000a\000t\000i\000o\000n}{section.2.1}% 6
\BOOKMARK [1][-]{section.2.2}{\376\377\000S\000o\000f\000t\000w\000a\000r\000e\000\040\000T\000o\000o\000l\000s}{chapter.2}% 7
\BOOKMARK [2][-]{subsection.2.2.1}{\376\377\000A\000g\000e\000n\000t\000\040\000O\000r\000c\000h\000e\000s\000t\000r\000a\000t\000i\000o\000n\000\040\000F\000r\000a\000m\000e\000w\000o\000r\000k\000s}{section.2.2}% 8
\BOOKMARK [2][-]{subsection.2.2.2}{\376\377\000S\000c\000h\000e\000d\000u\000l\000i\000n\000g\000\040\000T\000o\000o\000l}{section.2.2}% 9
\BOOKMARK [2][-]{subsection.2.2.3}{\376\377\000U\000s\000e\000r\000\040\000I\000n\000t\000e\000r\000f\000a\000c\000e\000\040\000F\000r\000a\000m\000e\000w\000o\000r\000k}{section.2.2}% 10
\BOOKMARK [0][-]{chapter.3}{\376\377\000R\000e\000q\000u\000i\000r\000e\000m\000e\000n\000t\000s\000\040\000a\000n\000d\000\040\000A\000n\000a\000l\000y\000s\000i\000s}{}% 11
\BOOKMARK [1][-]{section.3.1}{\376\377\000U\000s\000e\000r\000\040\000P\000e\000r\000s\000o\000n\000a\000s\000\040\000a\000n\000d\000\040\000S\000c\000e\000n\000a\000r\000i\000o\000s}{chapter.3}% 12
\BOOKMARK [2][-]{subsection.3.1.1}{\376\377\000A\000n\000a\000l\000y\000s\000i\000s}{section.3.1}% 13
\BOOKMARK [1][-]{section.3.2}{\376\377\000M\000o\000S\000C\000o\000W\000\040\000R\000e\000q\000u\000i\000r\000e\000m\000e\000n\000t\000s}{chapter.3}% 14
\BOOKMARK [2][-]{subsection.3.2.1}{\376\377\000F\000u\000n\000c\000t\000i\000o\000n\000a\000l\000\040\000R\000e\000q\000u\000i\000r\000e\000m\000e\000n\000t\000s}{section.3.2}% 15
\BOOKMARK [2][-]{subsection.3.2.2}{\376\377\000N\000o\000n\000-\000F\000u\000n\000c\000t\000i\000o\000n\000a\000l\000\040\000R\000e\000q\000u\000i\000r\000e\000m\000e\000n\000t\000s}{section.3.2}% 16
\BOOKMARK [1][-]{section.3.3}{\376\377\000R\000e\000p\000o\000r\000t\000\040\000S\000t\000r\000u\000c\000t\000u\000r\000e}{chapter.3}% 17
\BOOKMARK [0][-]{chapter.4}{\376\377\000D\000e\000s\000i\000g\000n\000\040\000a\000n\000d\000\040\000I\000m\000p\000l\000e\000m\000e\000n\000t\000a\000t\000i\000o\000n}{}% 18
\BOOKMARK [1][-]{section.4.1}{\376\377\000S\000y\000s\000t\000e\000m\000\040\000D\000e\000s\000i\000g\000n}{chapter.4}% 19
\BOOKMARK [1][-]{section.4.2}{\376\377\000I\000m\000p\000l\000e\000m\000e\000n\000t\000a\000t\000i\000o\000n}{chapter.4}% 20
\BOOKMARK [2][-]{subsection.4.2.1}{\376\377\000A\000I\000\040\000A\000n\000a\000l\000y\000s\000t\000\040\000A\000g\000e\000n\000t}{section.4.2}% 21
\BOOKMARK [2][-]{subsection.4.2.2}{\376\377\000C\000o\000n\000f\000i\000g\000u\000r\000a\000t\000i\000o\000n\000\040\000S\000e\000r\000v\000i\000c\000e\000\040\000a\000n\000d\000\040\000I\000n\000t\000e\000r\000f\000a\000c\000e}{section.4.2}% 22
\BOOKMARK [0][-]{chapter.5}{\376\377\000E\000v\000a\000l\000u\000a\000t\000i\000o\000n\000\040\000a\000n\000d\000\040\000T\000e\000s\000t\000i\000n\000g}{}% 23
\BOOKMARK [1][-]{section.5.1}{\376\377\000A\000g\000e\000n\000t\000\040\000O\000u\000t\000p\000u\000t\000\040\000E\000v\000a\000l\000u\000a\000t\000i\000o\000n}{chapter.5}% 24
\BOOKMARK [1][-]{section.5.2}{\376\377\000C\000o\000m\000p\000o\000n\000e\000n\000t\000s\000\040\000E\000v\000a\000l\000u\000a\000t\000i\000o\000n}{chapter.5}% 25
\BOOKMARK [1][-]{section.5.3}{\376\377\000O\000t\000h\000e\000r\000\040\000T\000e\000s\000t\000s}{chapter.5}% 26
\BOOKMARK [0][-]{chapter.6}{\376\377\000R\000e\000f\000l\000e\000c\000t\000i\000o\000n\000s}{}% 27
\BOOKMARK [1][-]{section.6.1}{\376\377\000P\000r\000o\000o\000f\000-\000o\000f\000-\000c\000o\000n\000c\000e\000p\000t\000\040\000R\000e\000q\000u\000i\000r\000e\000m\000e\000n\000t\000s\000\040\000A\000c\000h\000i\000e\000v\000e\000m\000e\000n\000t}{chapter.6}% 28
\BOOKMARK [2][-]{subsection.6.1.1}{\376\377\000F\000u\000n\000c\000t\000i\000o\000n\000a\000l\000\040\000R\000e\000q\000u\000i\000r\000e\000m\000e\000n\000t\000s}{section.6.1}% 29
\BOOKMARK [2][-]{subsection.6.1.2}{\376\377\000N\000o\000n\000-\000F\000u\000n\000c\000t\000i\000o\000n\000a\000l\000\040\000R\000e\000q\000u\000i\000r\000e\000m\000e\000n\000t\000s}{section.6.1}% 30
\BOOKMARK [1][-]{section.6.2}{\376\377\000E\000v\000a\000l\000u\000a\000t\000i\000o\000n\000\040\000R\000e\000s\000u\000l\000t\000s\000\040\000a\000n\000d\000\040\000K\000e\000y\000\040\000I\000n\000s\000i\000g\000h\000t\000s}{chapter.6}% 31
\BOOKMARK [1][-]{section.6.3}{\376\377\000F\000u\000t\000u\000r\000e\000\040\000W\000o\000r\000k}{chapter.6}% 32
\BOOKMARK [0][-]{appendix.A}{\376\377\000S\000y\000s\000t\000e\000m\000\040\000M\000a\000n\000u\000a\000l}{}% 33
\BOOKMARK [1][-]{section.A.1}{\376\377\000S\000y\000s\000t\000e\000m\000\040\000R\000e\000q\000u\000i\000r\000e\000m\000e\000n\000t\000s}{appendix.A}% 34
\BOOKMARK [1][-]{section.A.2}{\376\377\000C\000o\000d\000e\000\040\000R\000e\000p\000o\000s\000i\000t\000o\000r\000y\000\040\000S\000t\000r\000u\000c\000t\000u\000r\000e}{appendix.A}% 35
\BOOKMARK [1][-]{section.A.3}{\376\377\000I\000n\000s\000t\000a\000l\000l\000a\000t\000i\000o\000n\000\040\000a\000n\000d\000\040\000C\000o\000n\000f\000i\000g\000u\000r\000a\000t\000i\000o\000n}{appendix.A}% 36
\BOOKMARK [1][-]{section.A.4}{\376\377\000D\000a\000t\000a\000\040\000a\000n\000d\000\040\000T\000e\000s\000t\000i\000n\000g}{appendix.A}% 37
\BOOKMARK [0][-]{appendix.B}{\376\377\000U\000s\000e\000r\000\040\000M\000a\000n\000u\000a\000l}{}% 38
\BOOKMARK [1][-]{section.B.1}{\376\377\000G\000e\000t\000t\000i\000n\000g\000\040\000S\000t\000a\000r\000t\000e\000d}{appendix.B}% 39
\BOOKMARK [1][-]{section.B.2}{\376\377\000S\000c\000h\000e\000d\000u\000l\000i\000n\000g\000\040\000R\000e\000p\000o\000r\000t\000\040\000G\000e\000n\000e\000r\000a\000t\000i\000o\000n}{appendix.B}% 40
\BOOKMARK [1][-]{section.B.3}{\376\377\000A\000d\000d\000i\000n\000g\000\040\000o\000r\000\040\000U\000p\000d\000a\000t\000i\000n\000g\000\040\000R\000e\000p\000o\000r\000t\000\040\000R\000e\000q\000u\000e\000s\000t\000s}{appendix.B}% 41
\BOOKMARK [0][-]{appendix.C}{\376\377\000R\000e\000p\000o\000r\000t\000\040\000E\000v\000a\000l\000u\000a\000t\000i\000o\000n\000\040\000R\000u\000b\000r\000i\000c}{}% 42
\BOOKMARK [0][-]{appendix.D}{\376\377\000E\000x\000p\000e\000r\000i\000m\000e\000n\000t\000s\000\040\000P\000e\000r\000f\000o\000r\000m\000e\000d\000\040\000a\000n\000d\000\040\000E\000v\000a\000l\000u\000a\000t\000i\000o\000n\000\040\000R\000e\000s\000u\000l\000t\000s}{}% 43
\BOOKMARK [0][-]{appendix.E}{\376\377\000S\000a\000m\000p\000l\000e\000\040\000A\000u\000t\000o\000m\000a\000t\000e\000d\000\040\000E\000v\000a\000l\000u\000a\000t\000i\000o\000n}{}% 44
\BOOKMARK [0][-]{appendix.F}{\376\377\000A\000u\000t\000o\000m\000a\000t\000e\000d\000\040\000T\000e\000s\000t\000i\000n\000g\000\040\000S\000u\000i\000t\000e\000\040\000R\000e\000s\000u\000l\000t\000s}{}% 45
\BOOKMARK [0][-]{appendix.G}{\376\377\000G\000e\000n\000e\000r\000a\000t\000e\000d\000\040\000R\000e\000p\000o\000r\000t\000\040\040\024\000\040\000S\000a\000m\000p\000l\000e}{}% 46
